Build started 5/15/2015 8:49:32 PM.
     1>Project "C:\Users\Owner\Documents\Raytracer\Raytracer\Raytracer.vcxproj" on node 2 (Build target(s)).
     1>ClCompile:
         C:\Program Files (x86)\Microsoft Visual Studio 12.0\VC\bin\CL.exe /c /I"C:\Users\Owner\Documents\Raytracer\Debug\ply-0.1" /IC:\Users\Owner\Documents\Raytracer\Debug\boost_1_58_0 /IC:\Users\Owner\Documents\Raytracer\Debug\matclpro\include /IZ:\GI\Raytracer\Raytracer\Debug\matclpro\include /ZI /nologo /W3 /WX- /sdl /Od /Oy- /D WIN32 /D _DEBUG /D _WINDOWS /D _UNICODE /D UNICODE /D _CRT_SECURE_NO_DEPRECATE /D _CRT_NONSTDC_NO_DEPRECATE /D _HAS_ITERATOR_DEBUGGING=0 /D _UNICODE /D UNICODE /Gm /EHsc /RTC1 /MDd /GS /fp:precise /Zc:wchar_t /Zc:forScope /Fo"Debug\\" /Fd"Debug\vc120.pdb" /Gd /TP /analyze- /errorReport:prompt Phong.cpp
         Phong.cpp
     1>c:\users\owner\documents\raytracer\raytracer\global.h(208): warning C4305: 'initializing' : truncation from 'double' to 'float'
     1>c:\users\owner\documents\raytracer\raytracer\global.h(239): warning C4305: 'initializing' : truncation from 'double' to 'float'
     1>c:\users\owner\documents\raytracer\raytracer\global.h(374): warning C4244: '=' : conversion from 'int' to 'float', possible loss of data
     1>c:\users\owner\documents\raytracer\raytracer\global.h(375): warning C4244: '=' : conversion from 'int' to 'float', possible loss of data
     1>c:\users\owner\documents\raytracer\raytracer\global.h(376): warning C4244: '=' : conversion from 'int' to 'float', possible loss of data
     1>c:\users\owner\documents\raytracer\raytracer\global.h(410): warning C4305: 'initializing' : truncation from 'double' to 'float'
     1>c:\users\owner\documents\raytracer\raytracer\global.h(419): warning C4244: '=' : conversion from 'double' to 'float', possible loss of data
     1>c:\users\owner\documents\raytracer\raytracer\phong.cpp(5): warning C4305: '=' : truncation from 'double' to 'float'
     1>c:\users\owner\documents\raytracer\raytracer\phong.cpp(7): warning C4305: '=' : truncation from 'double' to 'float'
       Link:
         C:\Program Files (x86)\Microsoft Visual Studio 12.0\VC\bin\link.exe /ERRORREPORT:PROMPT /OUT:"C:\Users\Owner\Documents\Raytracer\Debug\Raytracer.exe" /INCREMENTAL /NOLOGO /LIBPATH:"C:\Users\Owner\Documents\Raytracer\Debug\ply-0.1" /LIBPATH:C:\Users\Owner\Documents\Raytracer\Debug\boost_1_58_0 kernel32.lib user32.lib gdi32.lib winspool.lib comdlg32.lib advapi32.lib shell32.lib ole32.lib oleaut32.lib uuid.lib odbc32.lib odbccp32.lib /MANIFEST /MANIFESTUAC:"level='asInvoker' uiAccess='false'" /manifest:embed /DEBUG /PDB:"C:\Users\Owner\Documents\Raytracer\Debug\Raytracer.pdb" /SUBSYSTEM:WINDOWS /TLBID:1 /DYNAMICBASE /NXCOMPAT /IMPLIB:"C:\Users\Owner\Documents\Raytracer\Debug\Raytracer.lib" /MACHINE:X86 Debug\Raytracer.res
         Debug\BoundingBox.obj
         Debug\Camera.obj
         Debug\Checker.obj
         Debug\KDNode.obj
         Debug\Object.obj
         Debug\Phong.obj
         Debug\PhotonMap.obj
         Debug\plyfile.obj
         Debug\Raytracer.obj
         Debug\Sphere.obj
         Debug\stdafx.obj
         Debug\Triangle.obj
         Debug\World.obj
         Raytracer.vcxproj -> C:\Users\Owner\Documents\Raytracer\Debug\Raytracer.exe
     1>Done Building Project "C:\Users\Owner\Documents\Raytracer\Raytracer\Raytracer.vcxproj" (Build target(s)).

Build succeeded.

Time Elapsed 00:00:02.20
