c:\users\owner\documents\raytracer\raytracer\debug\raytracer.pch
c:\users\owner\documents\raytracer\raytracer\debug\vc120.pdb
c:\users\owner\documents\raytracer\raytracer\debug\vc120.idb
c:\users\owner\documents\raytracer\raytracer\debug\stdafx.obj
c:\users\owner\documents\raytracer\raytracer\debug\boundingbox.obj
c:\users\owner\documents\raytracer\raytracer\debug\camera.obj
c:\users\owner\documents\raytracer\raytracer\debug\checker.obj
c:\users\owner\documents\raytracer\raytracer\debug\kdnode.obj
c:\users\owner\documents\raytracer\raytracer\debug\object.obj
c:\users\owner\documents\raytracer\raytracer\debug\phong.obj
c:\users\owner\documents\raytracer\raytracer\debug\raytracer.obj
c:\users\owner\documents\raytracer\raytracer\debug\sphere.obj
c:\users\owner\documents\raytracer\raytracer\debug\triangle.obj
c:\users\owner\documents\raytracer\raytracer\debug\world.obj
c:\users\owner\documents\raytracer\raytracer\debug\plyfile.obj
c:\users\owner\documents\raytracer\raytracer\debug\photonmap.obj
c:\users\owner\documents\raytracer\raytracer\debug\rayleigh.obj
c:\users\owner\documents\raytracer\raytracer\debug\raytracer.res
c:\users\owner\documents\raytracer\debug\raytracer.pdb
c:\users\owner\documents\raytracer\raytracer\debug\raytracer.tlog\cl.command.1.tlog
c:\users\owner\documents\raytracer\raytracer\debug\raytracer.tlog\cl.read.1.tlog
c:\users\owner\documents\raytracer\raytracer\debug\raytracer.tlog\cl.write.1.tlog
c:\users\owner\documents\raytracer\raytracer\debug\raytracer.tlog\link.command.1.tlog
c:\users\owner\documents\raytracer\raytracer\debug\raytracer.tlog\link.read.1.tlog
c:\users\owner\documents\raytracer\raytracer\debug\raytracer.tlog\link.write.1.tlog
c:\users\owner\documents\raytracer\raytracer\debug\raytracer.tlog\rc.command.1.tlog
c:\users\owner\documents\raytracer\raytracer\debug\raytracer.tlog\rc.read.1.tlog
c:\users\owner\documents\raytracer\raytracer\debug\raytracer.tlog\rc.write.1.tlog
